2021-03-18 16:05:43.818  WARN 5768 --- [main] JpaBaseConfiguration$JpaWebConfiguration : spring.jpa.open-in-view is enabled by default. Therefore, database queries may be performed during view rendering. Explicitly configure spring.jpa.open-in-view to disable this warning
2021-03-18 16:41:36.166 DEBUG 4280 --- [main] org.hibernate.SQL                        : create table alunno (id bigint not null, nome varchar(255), merenda_id bigint, primary key (id)) engine=InnoDB
2021-03-18 16:41:36.235 DEBUG 4280 --- [main] org.hibernate.SQL                        : create table hibernate_sequence (next_val bigint) engine=InnoDB
2021-03-18 16:41:36.270 DEBUG 4280 --- [main] org.hibernate.SQL                        : insert into hibernate_sequence values ( 1 )
2021-03-18 16:41:36.276 DEBUG 4280 --- [main] org.hibernate.SQL                        : create table merenda (id bigint not null, descrizione varchar(255), primary key (id)) engine=InnoDB
2021-03-18 16:41:36.312 DEBUG 4280 --- [main] org.hibernate.SQL                        : alter table alunno add constraint FK7kkgxyd6mfrp71cden5303xoh foreign key (merenda_id) references merenda (id)
2021-03-18 16:41:36.726  WARN 4280 --- [main] JpaBaseConfiguration$JpaWebConfiguration : spring.jpa.open-in-view is enabled by default. Therefore, database queries may be performed during view rendering. Explicitly configure spring.jpa.open-in-view to disable this warning
2021-03-18 16:45:22.842  WARN 956 --- [main] JpaBaseConfiguration$JpaWebConfiguration : spring.jpa.open-in-view is enabled by default. Therefore, database queries may be performed during view rendering. Explicitly configure spring.jpa.open-in-view to disable this warning
2021-03-18 16:46:36.431 DEBUG 956 --- [http-nio-8080-exec-2] org.hibernate.SQL                        : delete from merenda
2021-03-18 16:46:36.447 DEBUG 956 --- [http-nio-8080-exec-2] org.hibernate.SQL                        : delete from alunno
2021-03-18 16:46:36.462 DEBUG 956 --- [http-nio-8080-exec-2] org.hibernate.SQL                        : select next_val as id_val from hibernate_sequence for update
2021-03-18 16:46:36.464 DEBUG 956 --- [http-nio-8080-exec-2] org.hibernate.SQL                        : update hibernate_sequence set next_val= ? where next_val=?
2021-03-18 16:46:36.504 DEBUG 956 --- [http-nio-8080-exec-2] org.hibernate.SQL                        : insert into alunno (merenda_id, nome, id) values (?, ?, ?)
2021-03-18 16:46:36.509 TRACE 956 --- [http-nio-8080-exec-2] o.h.type.descriptor.sql.BasicBinder      : binding parameter [1] as [BIGINT] - [null]
2021-03-18 16:46:36.511 TRACE 956 --- [http-nio-8080-exec-2] o.h.type.descriptor.sql.BasicBinder      : binding parameter [2] as [VARCHAR] - [Mario]
2021-03-18 16:46:36.512 TRACE 956 --- [http-nio-8080-exec-2] o.h.type.descriptor.sql.BasicBinder      : binding parameter [3] as [BIGINT] - [1]
2021-03-18 16:46:36.522 DEBUG 956 --- [http-nio-8080-exec-2] org.hibernate.SQL                        : select next_val as id_val from hibernate_sequence for update
2021-03-18 16:46:36.523 DEBUG 956 --- [http-nio-8080-exec-2] org.hibernate.SQL                        : update hibernate_sequence set next_val= ? where next_val=?
2021-03-18 16:46:36.529 DEBUG 956 --- [http-nio-8080-exec-2] org.hibernate.SQL                        : insert into alunno (merenda_id, nome, id) values (?, ?, ?)
2021-03-18 16:46:36.530 TRACE 956 --- [http-nio-8080-exec-2] o.h.type.descriptor.sql.BasicBinder      : binding parameter [1] as [BIGINT] - [null]
2021-03-18 16:46:36.530 TRACE 956 --- [http-nio-8080-exec-2] o.h.type.descriptor.sql.BasicBinder      : binding parameter [2] as [VARCHAR] - [Elisa]
2021-03-18 16:46:36.531 TRACE 956 --- [http-nio-8080-exec-2] o.h.type.descriptor.sql.BasicBinder      : binding parameter [3] as [BIGINT] - [2]
2021-03-18 16:46:36.537 DEBUG 956 --- [http-nio-8080-exec-2] org.hibernate.SQL                        : select next_val as id_val from hibernate_sequence for update
2021-03-18 16:46:36.540 DEBUG 956 --- [http-nio-8080-exec-2] org.hibernate.SQL                        : update hibernate_sequence set next_val= ? where next_val=?
2021-03-18 16:46:36.546 DEBUG 956 --- [http-nio-8080-exec-2] org.hibernate.SQL                        : insert into alunno (merenda_id, nome, id) values (?, ?, ?)
2021-03-18 16:46:36.547 TRACE 956 --- [http-nio-8080-exec-2] o.h.type.descriptor.sql.BasicBinder      : binding parameter [1] as [BIGINT] - [null]
2021-03-18 16:46:36.548 TRACE 956 --- [http-nio-8080-exec-2] o.h.type.descriptor.sql.BasicBinder      : binding parameter [2] as [VARCHAR] - [Gino]
2021-03-18 16:46:36.548 TRACE 956 --- [http-nio-8080-exec-2] o.h.type.descriptor.sql.BasicBinder      : binding parameter [3] as [BIGINT] - [3]
2021-03-18 16:46:36.558 DEBUG 956 --- [http-nio-8080-exec-2] org.hibernate.SQL                        : select next_val as id_val from hibernate_sequence for update
2021-03-18 16:46:36.560 DEBUG 956 --- [http-nio-8080-exec-2] org.hibernate.SQL                        : update hibernate_sequence set next_val= ? where next_val=?
2021-03-18 16:46:36.566 DEBUG 956 --- [http-nio-8080-exec-2] org.hibernate.SQL                        : insert into merenda (descrizione, id) values (?, ?)
2021-03-18 16:46:36.567 TRACE 956 --- [http-nio-8080-exec-2] o.h.type.descriptor.sql.BasicBinder      : binding parameter [1] as [VARCHAR] - [Pizza]
2021-03-18 16:46:36.567 TRACE 956 --- [http-nio-8080-exec-2] o.h.type.descriptor.sql.BasicBinder      : binding parameter [2] as [BIGINT] - [4]
2021-03-18 16:46:36.573 DEBUG 956 --- [http-nio-8080-exec-2] org.hibernate.SQL                        : select next_val as id_val from hibernate_sequence for update
2021-03-18 16:46:36.574 DEBUG 956 --- [http-nio-8080-exec-2] org.hibernate.SQL                        : update hibernate_sequence set next_val= ? where next_val=?
2021-03-18 16:46:36.580 DEBUG 956 --- [http-nio-8080-exec-2] org.hibernate.SQL                        : insert into merenda (descrizione, id) values (?, ?)
2021-03-18 16:46:36.580 TRACE 956 --- [http-nio-8080-exec-2] o.h.type.descriptor.sql.BasicBinder      : binding parameter [1] as [VARCHAR] - [Hamburger]
2021-03-18 16:46:36.580 TRACE 956 --- [http-nio-8080-exec-2] o.h.type.descriptor.sql.BasicBinder      : binding parameter [2] as [BIGINT] - [5]
2021-03-18 16:46:36.586 DEBUG 956 --- [http-nio-8080-exec-2] org.hibernate.SQL                        : select next_val as id_val from hibernate_sequence for update
2021-03-18 16:46:36.587 DEBUG 956 --- [http-nio-8080-exec-2] org.hibernate.SQL                        : update hibernate_sequence set next_val= ? where next_val=?
2021-03-18 16:46:36.593 DEBUG 956 --- [http-nio-8080-exec-2] org.hibernate.SQL                        : insert into merenda (descrizione, id) values (?, ?)
2021-03-18 16:46:36.593 TRACE 956 --- [http-nio-8080-exec-2] o.h.type.descriptor.sql.BasicBinder      : binding parameter [1] as [VARCHAR] - [Cozze]
2021-03-18 16:46:36.593 TRACE 956 --- [http-nio-8080-exec-2] o.h.type.descriptor.sql.BasicBinder      : binding parameter [2] as [BIGINT] - [6]
2021-03-18 16:49:09.985  WARN 12392 --- [main] JpaBaseConfiguration$JpaWebConfiguration : spring.jpa.open-in-view is enabled by default. Therefore, database queries may be performed during view rendering. Explicitly configure spring.jpa.open-in-view to disable this warning
2021-03-18 16:49:12.972 DEBUG 12392 --- [http-nio-8080-exec-2] org.hibernate.SQL                        : delete from merenda
2021-03-18 16:49:12.989 DEBUG 12392 --- [http-nio-8080-exec-2] org.hibernate.SQL                        : delete from alunno
2021-03-18 16:49:13.008 DEBUG 12392 --- [http-nio-8080-exec-2] org.hibernate.SQL                        : select next_val as id_val from hibernate_sequence for update
2021-03-18 16:49:13.010 DEBUG 12392 --- [http-nio-8080-exec-2] org.hibernate.SQL                        : update hibernate_sequence set next_val= ? where next_val=?
2021-03-18 16:49:13.032 DEBUG 12392 --- [http-nio-8080-exec-2] org.hibernate.SQL                        : insert into alunno (merenda_id, nome, id) values (?, ?, ?)
2021-03-18 16:49:13.034 TRACE 12392 --- [http-nio-8080-exec-2] o.h.type.descriptor.sql.BasicBinder      : binding parameter [1] as [BIGINT] - [null]
2021-03-18 16:49:13.035 TRACE 12392 --- [http-nio-8080-exec-2] o.h.type.descriptor.sql.BasicBinder      : binding parameter [2] as [VARCHAR] - [Mario]
2021-03-18 16:49:13.035 TRACE 12392 --- [http-nio-8080-exec-2] o.h.type.descriptor.sql.BasicBinder      : binding parameter [3] as [BIGINT] - [7]
2021-03-18 16:49:13.042 DEBUG 12392 --- [http-nio-8080-exec-2] org.hibernate.SQL                        : select next_val as id_val from hibernate_sequence for update
2021-03-18 16:49:13.043 DEBUG 12392 --- [http-nio-8080-exec-2] org.hibernate.SQL                        : update hibernate_sequence set next_val= ? where next_val=?
2021-03-18 16:49:13.053 DEBUG 12392 --- [http-nio-8080-exec-2] org.hibernate.SQL                        : insert into alunno (merenda_id, nome, id) values (?, ?, ?)
2021-03-18 16:49:13.054 TRACE 12392 --- [http-nio-8080-exec-2] o.h.type.descriptor.sql.BasicBinder      : binding parameter [1] as [BIGINT] - [null]
2021-03-18 16:49:13.054 TRACE 12392 --- [http-nio-8080-exec-2] o.h.type.descriptor.sql.BasicBinder      : binding parameter [2] as [VARCHAR] - [Elisa]
2021-03-18 16:49:13.054 TRACE 12392 --- [http-nio-8080-exec-2] o.h.type.descriptor.sql.BasicBinder      : binding parameter [3] as [BIGINT] - [8]
2021-03-18 16:49:13.064 DEBUG 12392 --- [http-nio-8080-exec-2] org.hibernate.SQL                        : select next_val as id_val from hibernate_sequence for update
2021-03-18 16:49:13.065 DEBUG 12392 --- [http-nio-8080-exec-2] org.hibernate.SQL                        : update hibernate_sequence set next_val= ? where next_val=?
2021-03-18 16:49:13.074 DEBUG 12392 --- [http-nio-8080-exec-2] org.hibernate.SQL                        : insert into alunno (merenda_id, nome, id) values (?, ?, ?)
2021-03-18 16:49:13.075 TRACE 12392 --- [http-nio-8080-exec-2] o.h.type.descriptor.sql.BasicBinder      : binding parameter [1] as [BIGINT] - [null]
2021-03-18 16:49:13.075 TRACE 12392 --- [http-nio-8080-exec-2] o.h.type.descriptor.sql.BasicBinder      : binding parameter [2] as [VARCHAR] - [Gino]
2021-03-18 16:49:13.075 TRACE 12392 --- [http-nio-8080-exec-2] o.h.type.descriptor.sql.BasicBinder      : binding parameter [3] as [BIGINT] - [9]
2021-03-18 16:49:13.082 DEBUG 12392 --- [http-nio-8080-exec-2] org.hibernate.SQL                        : select next_val as id_val from hibernate_sequence for update
2021-03-18 16:49:13.082 DEBUG 12392 --- [http-nio-8080-exec-2] org.hibernate.SQL                        : update hibernate_sequence set next_val= ? where next_val=?
2021-03-18 16:49:13.085 DEBUG 12392 --- [http-nio-8080-exec-2] org.hibernate.SQL                        : insert into merenda (descrizione, id) values (?, ?)
2021-03-18 16:49:13.086 TRACE 12392 --- [http-nio-8080-exec-2] o.h.type.descriptor.sql.BasicBinder      : binding parameter [1] as [VARCHAR] - [Pizza]
2021-03-18 16:49:13.086 TRACE 12392 --- [http-nio-8080-exec-2] o.h.type.descriptor.sql.BasicBinder      : binding parameter [2] as [BIGINT] - [10]
2021-03-18 16:49:13.089 DEBUG 12392 --- [http-nio-8080-exec-2] org.hibernate.SQL                        : select next_val as id_val from hibernate_sequence for update
2021-03-18 16:49:13.090 DEBUG 12392 --- [http-nio-8080-exec-2] org.hibernate.SQL                        : update hibernate_sequence set next_val= ? where next_val=?
2021-03-18 16:49:13.094 DEBUG 12392 --- [http-nio-8080-exec-2] org.hibernate.SQL                        : insert into merenda (descrizione, id) values (?, ?)
2021-03-18 16:49:13.094 TRACE 12392 --- [http-nio-8080-exec-2] o.h.type.descriptor.sql.BasicBinder      : binding parameter [1] as [VARCHAR] - [Hamburger]
2021-03-18 16:49:13.095 TRACE 12392 --- [http-nio-8080-exec-2] o.h.type.descriptor.sql.BasicBinder      : binding parameter [2] as [BIGINT] - [11]
2021-03-18 16:49:13.098 DEBUG 12392 --- [http-nio-8080-exec-2] org.hibernate.SQL                        : select next_val as id_val from hibernate_sequence for update
2021-03-18 16:49:13.099 DEBUG 12392 --- [http-nio-8080-exec-2] org.hibernate.SQL                        : update hibernate_sequence set next_val= ? where next_val=?
2021-03-18 16:49:13.103 DEBUG 12392 --- [http-nio-8080-exec-2] org.hibernate.SQL                        : insert into merenda (descrizione, id) values (?, ?)
2021-03-18 16:49:13.103 TRACE 12392 --- [http-nio-8080-exec-2] o.h.type.descriptor.sql.BasicBinder      : binding parameter [1] as [VARCHAR] - [Cozze]
2021-03-18 16:49:13.103 TRACE 12392 --- [http-nio-8080-exec-2] o.h.type.descriptor.sql.BasicBinder      : binding parameter [2] as [BIGINT] - [12]
2021-03-18 16:49:13.110 DEBUG 12392 --- [http-nio-8080-exec-2] org.hibernate.SQL                        : update alunno set merenda_id=?, nome=? where id=?
2021-03-18 16:49:13.110 TRACE 12392 --- [http-nio-8080-exec-2] o.h.type.descriptor.sql.BasicBinder      : binding parameter [1] as [BIGINT] - [10]
2021-03-18 16:49:13.110 TRACE 12392 --- [http-nio-8080-exec-2] o.h.type.descriptor.sql.BasicBinder      : binding parameter [2] as [VARCHAR] - [Mario]
2021-03-18 16:49:13.111 TRACE 12392 --- [http-nio-8080-exec-2] o.h.type.descriptor.sql.BasicBinder      : binding parameter [3] as [BIGINT] - [7]
2021-03-18 16:53:05.476  WARN 8284 --- [main] JpaBaseConfiguration$JpaWebConfiguration : spring.jpa.open-in-view is enabled by default. Therefore, database queries may be performed during view rendering. Explicitly configure spring.jpa.open-in-view to disable this warning
2021-03-18 16:53:27.715 DEBUG 8284 --- [http-nio-8080-exec-2] org.hibernate.SQL                        : delete from merenda
2021-03-18 16:53:27.734 ERROR 8284 --- [http-nio-8080-exec-2] o.h.engine.jdbc.spi.SqlExceptionHelper   : Cannot delete or update a parent row: a foreign key constraint fails (`jarvrel`.`alunno`, CONSTRAINT `FK7kkgxyd6mfrp71cden5303xoh` FOREIGN KEY (`merenda_id`) REFERENCES `merenda` (`id`))
2021-03-18 16:53:27.751 ERROR 8284 --- [http-nio-8080-exec-2] o.a.c.c.C.[.[.[/].[dispatcherServlet]    : Servlet.service() for servlet [dispatcherServlet] in context with path [] threw exception [Request processing failed; nested exception is org.springframework.dao.DataIntegrityViolationException: could not execute statement; SQL [n/a]; constraint [null]; nested exception is org.hibernate.exception.ConstraintViolationException: could not execute statement] with root cause

java.sql.SQLIntegrityConstraintViolationException: Cannot delete or update a parent row: a foreign key constraint fails (`jarvrel`.`alunno`, CONSTRAINT `FK7kkgxyd6mfrp71cden5303xoh` FOREIGN KEY (`merenda_id`) REFERENCES `merenda` (`id`))
	at com.mysql.cj.jdbc.exceptions.SQLError.createSQLException(SQLError.java:117) ~[mysql-connector-java-8.0.23.jar:8.0.23]
	at com.mysql.cj.jdbc.exceptions.SQLExceptionsMapping.translateException(SQLExceptionsMapping.java:122) ~[mysql-connector-java-8.0.23.jar:8.0.23]
	at com.mysql.cj.jdbc.ClientPreparedStatement.executeInternal(ClientPreparedStatement.java:953) ~[mysql-connector-java-8.0.23.jar:8.0.23]
	at com.mysql.cj.jdbc.ClientPreparedStatement.executeUpdateInternal(ClientPreparedStatement.java:1092) ~[mysql-connector-java-8.0.23.jar:8.0.23]
	at com.mysql.cj.jdbc.ClientPreparedStatement.executeUpdateInternal(ClientPreparedStatement.java:1040) ~[mysql-connector-java-8.0.23.jar:8.0.23]
	at com.mysql.cj.jdbc.ClientPreparedStatement.executeLargeUpdate(ClientPreparedStatement.java:1347) ~[mysql-connector-java-8.0.23.jar:8.0.23]
	at com.mysql.cj.jdbc.ClientPreparedStatement.executeUpdate(ClientPreparedStatement.java:1025) ~[mysql-connector-java-8.0.23.jar:8.0.23]
	at com.zaxxer.hikari.pool.ProxyPreparedStatement.executeUpdate(ProxyPreparedStatement.java:61) ~[HikariCP-3.4.5.jar:na]
	at com.zaxxer.hikari.pool.HikariProxyPreparedStatement.executeUpdate(HikariProxyPreparedStatement.java) ~[HikariCP-3.4.5.jar:na]
	at org.hibernate.engine.jdbc.internal.ResultSetReturnImpl.executeUpdate(ResultSetReturnImpl.java:197) ~[hibernate-core-5.4.29.Final.jar:5.4.29.Final]
	at org.hibernate.hql.internal.ast.exec.BasicExecutor.doExecute(BasicExecutor.java:80) ~[hibernate-core-5.4.29.Final.jar:5.4.29.Final]
	at org.hibernate.hql.internal.ast.exec.BasicExecutor.execute(BasicExecutor.java:50) ~[hibernate-core-5.4.29.Final.jar:5.4.29.Final]
	at org.hibernate.hql.internal.ast.exec.DeleteExecutor.execute(DeleteExecutor.java:177) ~[hibernate-core-5.4.29.Final.jar:5.4.29.Final]
	at org.hibernate.hql.internal.ast.QueryTranslatorImpl.executeUpdate(QueryTranslatorImpl.java:458) ~[hibernate-core-5.4.29.Final.jar:5.4.29.Final]
	at org.hibernate.engine.query.spi.HQLQueryPlan.performExecuteUpdate(HQLQueryPlan.java:377) ~[hibernate-core-5.4.29.Final.jar:5.4.29.Final]
	at org.hibernate.internal.SessionImpl.executeUpdate(SessionImpl.java:1438) ~[hibernate-core-5.4.29.Final.jar:5.4.29.Final]
	at org.hibernate.query.internal.AbstractProducedQuery.doExecuteUpdate(AbstractProducedQuery.java:1690) ~[hibernate-core-5.4.29.Final.jar:5.4.29.Final]
	at org.hibernate.query.internal.AbstractProducedQuery.executeUpdate(AbstractProducedQuery.java:1672) ~[hibernate-core-5.4.29.Final.jar:5.4.29.Final]
	at org.springframework.data.jpa.repository.support.SimpleJpaRepository.deleteAllInBatch(SimpleJpaRepository.java:259) ~[spring-data-jpa-2.4.6.jar:2.4.6]
	at java.base/jdk.internal.reflect.NativeMethodAccessorImpl.invoke0(Native Method) ~[na:na]
	at java.base/jdk.internal.reflect.NativeMethodAccessorImpl.invoke(NativeMethodAccessorImpl.java:62) ~[na:na]
	at java.base/jdk.internal.reflect.DelegatingMethodAccessorImpl.invoke(DelegatingMethodAccessorImpl.java:43) ~[na:na]
	at java.base/java.lang.reflect.Method.invoke(Method.java:564) ~[na:na]
	at org.springframework.data.repository.core.support.RepositoryMethodInvoker$RepositoryFragmentMethodInvoker.lambda$new$0(RepositoryMethodInvoker.java:289) ~[spring-data-commons-2.4.6.jar:2.4.6]
	at org.springframework.data.repository.core.support.RepositoryMethodInvoker.doInvoke(RepositoryMethodInvoker.java:137) ~[spring-data-commons-2.4.6.jar:2.4.6]
	at org.springframework.data.repository.core.support.RepositoryMethodInvoker.invoke(RepositoryMethodInvoker.java:121) ~[spring-data-commons-2.4.6.jar:2.4.6]
	at org.springframework.data.repository.core.support.RepositoryComposition$RepositoryFragments.invoke(RepositoryComposition.java:524) ~[spring-data-commons-2.4.6.jar:2.4.6]
	at org.springframework.data.repository.core.support.RepositoryComposition.invoke(RepositoryComposition.java:285) ~[spring-data-commons-2.4.6.jar:2.4.6]
	at org.springframework.data.repository.core.support.RepositoryFactorySupport$ImplementationMethodExecutionInterceptor.invoke(RepositoryFactorySupport.java:531) ~[spring-data-commons-2.4.6.jar:2.4.6]
	at org.springframework.aop.framework.ReflectiveMethodInvocation.proceed(ReflectiveMethodInvocation.java:186) ~[spring-aop-5.3.5.jar:5.3.5]
	at org.springframework.data.repository.core.support.QueryExecutorMethodInterceptor.doInvoke(QueryExecutorMethodInterceptor.java:156) ~[spring-data-commons-2.4.6.jar:2.4.6]
	at org.springframework.data.repository.core.support.QueryExecutorMethodInterceptor.invoke(QueryExecutorMethodInterceptor.java:131) ~[spring-data-commons-2.4.6.jar:2.4.6]
	at org.springframework.aop.framework.ReflectiveMethodInvocation.proceed(ReflectiveMethodInvocation.java:186) ~[spring-aop-5.3.5.jar:5.3.5]
	at org.springframework.data.projection.DefaultMethodInvokingMethodInterceptor.invoke(DefaultMethodInvokingMethodInterceptor.java:80) ~[spring-data-commons-2.4.6.jar:2.4.6]
	at org.springframework.aop.framework.ReflectiveMethodInvocation.proceed(ReflectiveMethodInvocation.java:186) ~[spring-aop-5.3.5.jar:5.3.5]
	at org.springframework.transaction.interceptor.TransactionInterceptor$1.proceedWithInvocation(TransactionInterceptor.java:123) ~[spring-tx-5.3.5.jar:5.3.5]
	at org.springframework.transaction.interceptor.TransactionAspectSupport.invokeWithinTransaction(TransactionAspectSupport.java:388) ~[spring-tx-5.3.5.jar:5.3.5]
	at org.springframework.transaction.interceptor.TransactionInterceptor.invoke(TransactionInterceptor.java:119) ~[spring-tx-5.3.5.jar:5.3.5]
	at org.springframework.aop.framework.ReflectiveMethodInvocation.proceed(ReflectiveMethodInvocation.java:186) ~[spring-aop-5.3.5.jar:5.3.5]
	at org.springframework.dao.support.PersistenceExceptionTranslationInterceptor.invoke(PersistenceExceptionTranslationInterceptor.java:137) ~[spring-tx-5.3.5.jar:5.3.5]
	at org.springframework.aop.framework.ReflectiveMethodInvocation.proceed(ReflectiveMethodInvocation.java:186) ~[spring-aop-5.3.5.jar:5.3.5]
	at org.springframework.data.jpa.repository.support.CrudMethodMetadataPostProcessor$CrudMethodMetadataPopulatingMethodInterceptor.invoke(CrudMethodMetadataPostProcessor.java:174) ~[spring-data-jpa-2.4.6.jar:2.4.6]
	at org.springframework.aop.framework.ReflectiveMethodInvocation.proceed(ReflectiveMethodInvocation.java:186) ~[spring-aop-5.3.5.jar:5.3.5]
	at org.springframework.aop.interceptor.ExposeInvocationInterceptor.invoke(ExposeInvocationInterceptor.java:97) ~[spring-aop-5.3.5.jar:5.3.5]
	at org.springframework.aop.framework.ReflectiveMethodInvocation.proceed(ReflectiveMethodInvocation.java:186) ~[spring-aop-5.3.5.jar:5.3.5]
	at org.springframework.aop.framework.JdkDynamicAopProxy.invoke(JdkDynamicAopProxy.java:215) ~[spring-aop-5.3.5.jar:5.3.5]
	at com.sun.proxy.$Proxy83.deleteAllInBatch(Unknown Source) ~[na:na]
	at it.iad.relazioni.service.impl.RelazioniServiceImpl.genera(RelazioniServiceImpl.java:21) ~[classes/:na]
	at it.iad.relazioni.controller.RelazioniController.genera(RelazioniController.java:18) ~[classes/:na]
	at java.base/jdk.internal.reflect.NativeMethodAccessorImpl.invoke0(Native Method) ~[na:na]
	at java.base/jdk.internal.reflect.NativeMethodAccessorImpl.invoke(NativeMethodAccessorImpl.java:62) ~[na:na]
	at java.base/jdk.internal.reflect.DelegatingMethodAccessorImpl.invoke(DelegatingMethodAccessorImpl.java:43) ~[na:na]
	at java.base/java.lang.reflect.Method.invoke(Method.java:564) ~[na:na]
	at org.springframework.web.method.support.InvocableHandlerMethod.doInvoke(InvocableHandlerMethod.java:197) ~[spring-web-5.3.5.jar:5.3.5]
	at org.springframework.web.method.support.InvocableHandlerMethod.invokeForRequest(InvocableHandlerMethod.java:141) ~[spring-web-5.3.5.jar:5.3.5]
	at org.springframework.web.servlet.mvc.method.annotation.ServletInvocableHandlerMethod.invokeAndHandle(ServletInvocableHandlerMethod.java:106) ~[spring-webmvc-5.3.5.jar:5.3.5]
	at org.springframework.web.servlet.mvc.method.annotation.RequestMappingHandlerAdapter.invokeHandlerMethod(RequestMappingHandlerAdapter.java:894) ~[spring-webmvc-5.3.5.jar:5.3.5]
	at org.springframework.web.servlet.mvc.method.annotation.RequestMappingHandlerAdapter.handleInternal(RequestMappingHandlerAdapter.java:808) ~[spring-webmvc-5.3.5.jar:5.3.5]
	at org.springframework.web.servlet.mvc.method.AbstractHandlerMethodAdapter.handle(AbstractHandlerMethodAdapter.java:87) ~[spring-webmvc-5.3.5.jar:5.3.5]
	at org.springframework.web.servlet.DispatcherServlet.doDispatch(DispatcherServlet.java:1060) ~[spring-webmvc-5.3.5.jar:5.3.5]
	at org.springframework.web.servlet.DispatcherServlet.doService(DispatcherServlet.java:962) ~[spring-webmvc-5.3.5.jar:5.3.5]
	at org.springframework.web.servlet.FrameworkServlet.processRequest(FrameworkServlet.java:1006) ~[spring-webmvc-5.3.5.jar:5.3.5]
	at org.springframework.web.servlet.FrameworkServlet.doGet(FrameworkServlet.java:898) ~[spring-webmvc-5.3.5.jar:5.3.5]
	at javax.servlet.http.HttpServlet.service(HttpServlet.java:626) ~[tomcat-embed-core-9.0.44.jar:4.0.FR]
	at org.springframework.web.servlet.FrameworkServlet.service(FrameworkServlet.java:883) ~[spring-webmvc-5.3.5.jar:5.3.5]
	at javax.servlet.http.HttpServlet.service(HttpServlet.java:733) ~[tomcat-embed-core-9.0.44.jar:4.0.FR]
	at org.apache.catalina.core.ApplicationFilterChain.internalDoFilter(ApplicationFilterChain.java:227) ~[tomcat-embed-core-9.0.44.jar:9.0.44]
	at org.apache.catalina.core.ApplicationFilterChain.doFilter(ApplicationFilterChain.java:162) ~[tomcat-embed-core-9.0.44.jar:9.0.44]
	at org.apache.tomcat.websocket.server.WsFilter.doFilter(WsFilter.java:53) ~[tomcat-embed-websocket-9.0.44.jar:9.0.44]
	at org.apache.catalina.core.ApplicationFilterChain.internalDoFilter(ApplicationFilterChain.java:189) ~[tomcat-embed-core-9.0.44.jar:9.0.44]
	at org.apache.catalina.core.ApplicationFilterChain.doFilter(ApplicationFilterChain.java:162) ~[tomcat-embed-core-9.0.44.jar:9.0.44]
	at org.springframework.web.filter.RequestContextFilter.doFilterInternal(RequestContextFilter.java:100) ~[spring-web-5.3.5.jar:5.3.5]
	at org.springframework.web.filter.OncePerRequestFilter.doFilter(OncePerRequestFilter.java:119) ~[spring-web-5.3.5.jar:5.3.5]
	at org.apache.catalina.core.ApplicationFilterChain.internalDoFilter(ApplicationFilterChain.java:189) ~[tomcat-embed-core-9.0.44.jar:9.0.44]
	at org.apache.catalina.core.ApplicationFilterChain.doFilter(ApplicationFilterChain.java:162) ~[tomcat-embed-core-9.0.44.jar:9.0.44]
	at org.springframework.web.filter.FormContentFilter.doFilterInternal(FormContentFilter.java:93) ~[spring-web-5.3.5.jar:5.3.5]
	at org.springframework.web.filter.OncePerRequestFilter.doFilter(OncePerRequestFilter.java:119) ~[spring-web-5.3.5.jar:5.3.5]
	at org.apache.catalina.core.ApplicationFilterChain.internalDoFilter(ApplicationFilterChain.java:189) ~[tomcat-embed-core-9.0.44.jar:9.0.44]
	at org.apache.catalina.core.ApplicationFilterChain.doFilter(ApplicationFilterChain.java:162) ~[tomcat-embed-core-9.0.44.jar:9.0.44]
	at org.springframework.web.filter.CharacterEncodingFilter.doFilterInternal(CharacterEncodingFilter.java:201) ~[spring-web-5.3.5.jar:5.3.5]
	at org.springframework.web.filter.OncePerRequestFilter.doFilter(OncePerRequestFilter.java:119) ~[spring-web-5.3.5.jar:5.3.5]
	at org.apache.catalina.core.ApplicationFilterChain.internalDoFilter(ApplicationFilterChain.java:189) ~[tomcat-embed-core-9.0.44.jar:9.0.44]
	at org.apache.catalina.core.ApplicationFilterChain.doFilter(ApplicationFilterChain.java:162) ~[tomcat-embed-core-9.0.44.jar:9.0.44]
	at org.apache.catalina.core.StandardWrapperValve.invoke(StandardWrapperValve.java:202) ~[tomcat-embed-core-9.0.44.jar:9.0.44]
	at org.apache.catalina.core.StandardContextValve.invoke(StandardContextValve.java:97) ~[tomcat-embed-core-9.0.44.jar:9.0.44]
	at org.apache.catalina.authenticator.AuthenticatorBase.invoke(AuthenticatorBase.java:542) ~[tomcat-embed-core-9.0.44.jar:9.0.44]
	at org.apache.catalina.core.StandardHostValve.invoke(StandardHostValve.java:143) ~[tomcat-embed-core-9.0.44.jar:9.0.44]
	at org.apache.catalina.valves.ErrorReportValve.invoke(ErrorReportValve.java:92) ~[tomcat-embed-core-9.0.44.jar:9.0.44]
	at org.apache.catalina.core.StandardEngineValve.invoke(StandardEngineValve.java:78) ~[tomcat-embed-core-9.0.44.jar:9.0.44]
	at org.apache.catalina.connector.CoyoteAdapter.service(CoyoteAdapter.java:357) ~[tomcat-embed-core-9.0.44.jar:9.0.44]
	at org.apache.coyote.http11.Http11Processor.service(Http11Processor.java:374) ~[tomcat-embed-core-9.0.44.jar:9.0.44]
	at org.apache.coyote.AbstractProcessorLight.process(AbstractProcessorLight.java:65) ~[tomcat-embed-core-9.0.44.jar:9.0.44]
	at org.apache.coyote.AbstractProtocol$ConnectionHandler.process(AbstractProtocol.java:893) ~[tomcat-embed-core-9.0.44.jar:9.0.44]
	at org.apache.tomcat.util.net.NioEndpoint$SocketProcessor.doRun(NioEndpoint.java:1707) ~[tomcat-embed-core-9.0.44.jar:9.0.44]
	at org.apache.tomcat.util.net.SocketProcessorBase.run(SocketProcessorBase.java:49) ~[tomcat-embed-core-9.0.44.jar:9.0.44]
	at java.base/java.util.concurrent.ThreadPoolExecutor.runWorker(ThreadPoolExecutor.java:1130) ~[na:na]
	at java.base/java.util.concurrent.ThreadPoolExecutor$Worker.run(ThreadPoolExecutor.java:630) ~[na:na]
	at org.apache.tomcat.util.threads.TaskThread$WrappingRunnable.run(TaskThread.java:61) ~[tomcat-embed-core-9.0.44.jar:9.0.44]
	at java.base/java.lang.Thread.run(Thread.java:832) ~[na:na]

2021-03-18 16:57:24.518  WARN 6216 --- [main] JpaBaseConfiguration$JpaWebConfiguration : spring.jpa.open-in-view is enabled by default. Therefore, database queries may be performed during view rendering. Explicitly configure spring.jpa.open-in-view to disable this warning
2021-03-18 16:57:34.465 DEBUG 6216 --- [http-nio-8080-exec-2] org.hibernate.SQL                        : delete from alunno
2021-03-18 16:57:34.481 DEBUG 6216 --- [http-nio-8080-exec-2] org.hibernate.SQL                        : delete from merenda
2021-03-18 16:57:34.499 DEBUG 6216 --- [http-nio-8080-exec-2] org.hibernate.SQL                        : select next_val as id_val from hibernate_sequence for update
2021-03-18 16:57:34.500 DEBUG 6216 --- [http-nio-8080-exec-2] org.hibernate.SQL                        : update hibernate_sequence set next_val= ? where next_val=?
2021-03-18 16:57:34.520 DEBUG 6216 --- [http-nio-8080-exec-2] org.hibernate.SQL                        : insert into alunno (merenda_id, nome, id) values (?, ?, ?)
2021-03-18 16:57:34.523 TRACE 6216 --- [http-nio-8080-exec-2] o.h.type.descriptor.sql.BasicBinder      : binding parameter [1] as [BIGINT] - [null]
2021-03-18 16:57:34.524 TRACE 6216 --- [http-nio-8080-exec-2] o.h.type.descriptor.sql.BasicBinder      : binding parameter [2] as [VARCHAR] - [Mario]
2021-03-18 16:57:34.524 TRACE 6216 --- [http-nio-8080-exec-2] o.h.type.descriptor.sql.BasicBinder      : binding parameter [3] as [BIGINT] - [13]
2021-03-18 16:57:34.531 DEBUG 6216 --- [http-nio-8080-exec-2] org.hibernate.SQL                        : select next_val as id_val from hibernate_sequence for update
2021-03-18 16:57:34.531 DEBUG 6216 --- [http-nio-8080-exec-2] org.hibernate.SQL                        : update hibernate_sequence set next_val= ? where next_val=?
2021-03-18 16:57:34.535 DEBUG 6216 --- [http-nio-8080-exec-2] org.hibernate.SQL                        : insert into alunno (merenda_id, nome, id) values (?, ?, ?)
2021-03-18 16:57:34.536 TRACE 6216 --- [http-nio-8080-exec-2] o.h.type.descriptor.sql.BasicBinder      : binding parameter [1] as [BIGINT] - [null]
2021-03-18 16:57:34.536 TRACE 6216 --- [http-nio-8080-exec-2] o.h.type.descriptor.sql.BasicBinder      : binding parameter [2] as [VARCHAR] - [Elisa]
2021-03-18 16:57:34.536 TRACE 6216 --- [http-nio-8080-exec-2] o.h.type.descriptor.sql.BasicBinder      : binding parameter [3] as [BIGINT] - [14]
2021-03-18 16:57:34.542 DEBUG 6216 --- [http-nio-8080-exec-2] org.hibernate.SQL                        : select next_val as id_val from hibernate_sequence for update
2021-03-18 16:57:34.543 DEBUG 6216 --- [http-nio-8080-exec-2] org.hibernate.SQL                        : update hibernate_sequence set next_val= ? where next_val=?
2021-03-18 16:57:34.548 DEBUG 6216 --- [http-nio-8080-exec-2] org.hibernate.SQL                        : insert into alunno (merenda_id, nome, id) values (?, ?, ?)
2021-03-18 16:57:34.549 TRACE 6216 --- [http-nio-8080-exec-2] o.h.type.descriptor.sql.BasicBinder      : binding parameter [1] as [BIGINT] - [null]
2021-03-18 16:57:34.549 TRACE 6216 --- [http-nio-8080-exec-2] o.h.type.descriptor.sql.BasicBinder      : binding parameter [2] as [VARCHAR] - [Gino]
2021-03-18 16:57:34.550 TRACE 6216 --- [http-nio-8080-exec-2] o.h.type.descriptor.sql.BasicBinder      : binding parameter [3] as [BIGINT] - [15]
2021-03-18 16:57:34.557 DEBUG 6216 --- [http-nio-8080-exec-2] org.hibernate.SQL                        : select next_val as id_val from hibernate_sequence for update
2021-03-18 16:57:34.558 DEBUG 6216 --- [http-nio-8080-exec-2] org.hibernate.SQL                        : update hibernate_sequence set next_val= ? where next_val=?
2021-03-18 16:57:34.563 DEBUG 6216 --- [http-nio-8080-exec-2] org.hibernate.SQL                        : insert into merenda (descrizione, id) values (?, ?)
2021-03-18 16:57:34.563 TRACE 6216 --- [http-nio-8080-exec-2] o.h.type.descriptor.sql.BasicBinder      : binding parameter [1] as [VARCHAR] - [Pizza]
2021-03-18 16:57:34.564 TRACE 6216 --- [http-nio-8080-exec-2] o.h.type.descriptor.sql.BasicBinder      : binding parameter [2] as [BIGINT] - [16]
2021-03-18 16:57:34.568 DEBUG 6216 --- [http-nio-8080-exec-2] org.hibernate.SQL                        : select next_val as id_val from hibernate_sequence for update
2021-03-18 16:57:34.569 DEBUG 6216 --- [http-nio-8080-exec-2] org.hibernate.SQL                        : update hibernate_sequence set next_val= ? where next_val=?
2021-03-18 16:57:34.576 DEBUG 6216 --- [http-nio-8080-exec-2] org.hibernate.SQL                        : insert into merenda (descrizione, id) values (?, ?)
2021-03-18 16:57:34.577 TRACE 6216 --- [http-nio-8080-exec-2] o.h.type.descriptor.sql.BasicBinder      : binding parameter [1] as [VARCHAR] - [Hamburger]
2021-03-18 16:57:34.577 TRACE 6216 --- [http-nio-8080-exec-2] o.h.type.descriptor.sql.BasicBinder      : binding parameter [2] as [BIGINT] - [17]
2021-03-18 16:57:34.582 DEBUG 6216 --- [http-nio-8080-exec-2] org.hibernate.SQL                        : select next_val as id_val from hibernate_sequence for update
2021-03-18 16:57:34.583 DEBUG 6216 --- [http-nio-8080-exec-2] org.hibernate.SQL                        : update hibernate_sequence set next_val= ? where next_val=?
2021-03-18 16:57:34.588 DEBUG 6216 --- [http-nio-8080-exec-2] org.hibernate.SQL                        : insert into merenda (descrizione, id) values (?, ?)
2021-03-18 16:57:34.588 TRACE 6216 --- [http-nio-8080-exec-2] o.h.type.descriptor.sql.BasicBinder      : binding parameter [1] as [VARCHAR] - [Cozze]
2021-03-18 16:57:34.589 TRACE 6216 --- [http-nio-8080-exec-2] o.h.type.descriptor.sql.BasicBinder      : binding parameter [2] as [BIGINT] - [18]
2021-03-18 16:57:34.596 DEBUG 6216 --- [http-nio-8080-exec-2] org.hibernate.SQL                        : update alunno set merenda_id=?, nome=? where id=?
2021-03-18 16:57:34.597 TRACE 6216 --- [http-nio-8080-exec-2] o.h.type.descriptor.sql.BasicBinder      : binding parameter [1] as [BIGINT] - [16]
2021-03-18 16:57:34.597 TRACE 6216 --- [http-nio-8080-exec-2] o.h.type.descriptor.sql.BasicBinder      : binding parameter [2] as [VARCHAR] - [Mario]
2021-03-18 16:57:34.597 TRACE 6216 --- [http-nio-8080-exec-2] o.h.type.descriptor.sql.BasicBinder      : binding parameter [3] as [BIGINT] - [13]
2021-03-18 16:57:34.604 DEBUG 6216 --- [http-nio-8080-exec-2] org.hibernate.SQL                        : update alunno set merenda_id=?, nome=? where id=?
2021-03-18 16:57:34.605 TRACE 6216 --- [http-nio-8080-exec-2] o.h.type.descriptor.sql.BasicBinder      : binding parameter [1] as [BIGINT] - [17]
2021-03-18 16:57:34.605 TRACE 6216 --- [http-nio-8080-exec-2] o.h.type.descriptor.sql.BasicBinder      : binding parameter [2] as [VARCHAR] - [Elisa]
2021-03-18 16:57:34.605 TRACE 6216 --- [http-nio-8080-exec-2] o.h.type.descriptor.sql.BasicBinder      : binding parameter [3] as [BIGINT] - [14]
2021-03-18 16:57:34.612 DEBUG 6216 --- [http-nio-8080-exec-2] org.hibernate.SQL                        : update alunno set merenda_id=?, nome=? where id=?
2021-03-18 16:57:34.612 TRACE 6216 --- [http-nio-8080-exec-2] o.h.type.descriptor.sql.BasicBinder      : binding parameter [1] as [BIGINT] - [18]
2021-03-18 16:57:34.613 TRACE 6216 --- [http-nio-8080-exec-2] o.h.type.descriptor.sql.BasicBinder      : binding parameter [2] as [VARCHAR] - [Gino]
2021-03-18 16:57:34.613 TRACE 6216 --- [http-nio-8080-exec-2] o.h.type.descriptor.sql.BasicBinder      : binding parameter [3] as [BIGINT] - [15]
2021-03-18 17:01:09.468  WARN 16852 --- [main] JpaBaseConfiguration$JpaWebConfiguration : spring.jpa.open-in-view is enabled by default. Therefore, database queries may be performed during view rendering. Explicitly configure spring.jpa.open-in-view to disable this warning
2021-03-18 17:01:14.416 DEBUG 16852 --- [http-nio-8080-exec-2] org.hibernate.SQL                        : delete from alunno
2021-03-18 17:01:14.433 DEBUG 16852 --- [http-nio-8080-exec-2] org.hibernate.SQL                        : delete from merenda
2021-03-18 17:01:14.452 DEBUG 16852 --- [http-nio-8080-exec-2] org.hibernate.SQL                        : select next_val as id_val from hibernate_sequence for update
2021-03-18 17:01:14.454 DEBUG 16852 --- [http-nio-8080-exec-2] org.hibernate.SQL                        : update hibernate_sequence set next_val= ? where next_val=?
2021-03-18 17:01:14.475 DEBUG 16852 --- [http-nio-8080-exec-2] org.hibernate.SQL                        : insert into alunno (merenda_id, nome, id) values (?, ?, ?)
2021-03-18 17:01:14.478 TRACE 16852 --- [http-nio-8080-exec-2] o.h.type.descriptor.sql.BasicBinder      : binding parameter [1] as [BIGINT] - [null]
2021-03-18 17:01:14.479 TRACE 16852 --- [http-nio-8080-exec-2] o.h.type.descriptor.sql.BasicBinder      : binding parameter [2] as [VARCHAR] - [Mario]
2021-03-18 17:01:14.479 TRACE 16852 --- [http-nio-8080-exec-2] o.h.type.descriptor.sql.BasicBinder      : binding parameter [3] as [BIGINT] - [19]
2021-03-18 17:01:14.486 DEBUG 16852 --- [http-nio-8080-exec-2] org.hibernate.SQL                        : select next_val as id_val from hibernate_sequence for update
2021-03-18 17:01:14.487 DEBUG 16852 --- [http-nio-8080-exec-2] org.hibernate.SQL                        : update hibernate_sequence set next_val= ? where next_val=?
2021-03-18 17:01:14.493 DEBUG 16852 --- [http-nio-8080-exec-2] org.hibernate.SQL                        : insert into alunno (merenda_id, nome, id) values (?, ?, ?)
2021-03-18 17:01:14.494 TRACE 16852 --- [http-nio-8080-exec-2] o.h.type.descriptor.sql.BasicBinder      : binding parameter [1] as [BIGINT] - [null]
2021-03-18 17:01:14.494 TRACE 16852 --- [http-nio-8080-exec-2] o.h.type.descriptor.sql.BasicBinder      : binding parameter [2] as [VARCHAR] - [Elisa]
2021-03-18 17:01:14.494 TRACE 16852 --- [http-nio-8080-exec-2] o.h.type.descriptor.sql.BasicBinder      : binding parameter [3] as [BIGINT] - [20]
2021-03-18 17:01:14.500 DEBUG 16852 --- [http-nio-8080-exec-2] org.hibernate.SQL                        : select next_val as id_val from hibernate_sequence for update
2021-03-18 17:01:14.501 DEBUG 16852 --- [http-nio-8080-exec-2] org.hibernate.SQL                        : update hibernate_sequence set next_val= ? where next_val=?
2021-03-18 17:01:14.506 DEBUG 16852 --- [http-nio-8080-exec-2] org.hibernate.SQL                        : insert into alunno (merenda_id, nome, id) values (?, ?, ?)
2021-03-18 17:01:14.506 TRACE 16852 --- [http-nio-8080-exec-2] o.h.type.descriptor.sql.BasicBinder      : binding parameter [1] as [BIGINT] - [null]
2021-03-18 17:01:14.507 TRACE 16852 --- [http-nio-8080-exec-2] o.h.type.descriptor.sql.BasicBinder      : binding parameter [2] as [VARCHAR] - [Gino]
2021-03-18 17:01:14.507 TRACE 16852 --- [http-nio-8080-exec-2] o.h.type.descriptor.sql.BasicBinder      : binding parameter [3] as [BIGINT] - [21]
2021-03-18 17:01:14.516 DEBUG 16852 --- [http-nio-8080-exec-2] org.hibernate.SQL                        : select next_val as id_val from hibernate_sequence for update
2021-03-18 17:01:14.516 DEBUG 16852 --- [http-nio-8080-exec-2] org.hibernate.SQL                        : update hibernate_sequence set next_val= ? where next_val=?
2021-03-18 17:01:14.521 DEBUG 16852 --- [http-nio-8080-exec-2] org.hibernate.SQL                        : insert into merenda (descrizione, id) values (?, ?)
2021-03-18 17:01:14.522 TRACE 16852 --- [http-nio-8080-exec-2] o.h.type.descriptor.sql.BasicBinder      : binding parameter [1] as [VARCHAR] - [Pizza]
2021-03-18 17:01:14.522 TRACE 16852 --- [http-nio-8080-exec-2] o.h.type.descriptor.sql.BasicBinder      : binding parameter [2] as [BIGINT] - [22]
2021-03-18 17:01:14.527 DEBUG 16852 --- [http-nio-8080-exec-2] org.hibernate.SQL                        : select next_val as id_val from hibernate_sequence for update
2021-03-18 17:01:14.528 DEBUG 16852 --- [http-nio-8080-exec-2] org.hibernate.SQL                        : update hibernate_sequence set next_val= ? where next_val=?
2021-03-18 17:01:14.533 DEBUG 16852 --- [http-nio-8080-exec-2] org.hibernate.SQL                        : insert into merenda (descrizione, id) values (?, ?)
2021-03-18 17:01:14.534 TRACE 16852 --- [http-nio-8080-exec-2] o.h.type.descriptor.sql.BasicBinder      : binding parameter [1] as [VARCHAR] - [Hamburger]
2021-03-18 17:01:14.534 TRACE 16852 --- [http-nio-8080-exec-2] o.h.type.descriptor.sql.BasicBinder      : binding parameter [2] as [BIGINT] - [23]
2021-03-18 17:01:14.539 DEBUG 16852 --- [http-nio-8080-exec-2] org.hibernate.SQL                        : select next_val as id_val from hibernate_sequence for update
2021-03-18 17:01:14.540 DEBUG 16852 --- [http-nio-8080-exec-2] org.hibernate.SQL                        : update hibernate_sequence set next_val= ? where next_val=?
2021-03-18 17:01:14.545 DEBUG 16852 --- [http-nio-8080-exec-2] org.hibernate.SQL                        : insert into merenda (descrizione, id) values (?, ?)
2021-03-18 17:01:14.546 TRACE 16852 --- [http-nio-8080-exec-2] o.h.type.descriptor.sql.BasicBinder      : binding parameter [1] as [VARCHAR] - [Cozze]
2021-03-18 17:01:14.546 TRACE 16852 --- [http-nio-8080-exec-2] o.h.type.descriptor.sql.BasicBinder      : binding parameter [2] as [BIGINT] - [24]
2021-03-18 17:01:14.554 DEBUG 16852 --- [http-nio-8080-exec-2] org.hibernate.SQL                        : update alunno set merenda_id=?, nome=? where id=?
2021-03-18 17:01:14.555 TRACE 16852 --- [http-nio-8080-exec-2] o.h.type.descriptor.sql.BasicBinder      : binding parameter [1] as [BIGINT] - [22]
2021-03-18 17:01:14.555 TRACE 16852 --- [http-nio-8080-exec-2] o.h.type.descriptor.sql.BasicBinder      : binding parameter [2] as [VARCHAR] - [Mario]
2021-03-18 17:01:14.555 TRACE 16852 --- [http-nio-8080-exec-2] o.h.type.descriptor.sql.BasicBinder      : binding parameter [3] as [BIGINT] - [19]
2021-03-18 17:01:14.562 DEBUG 16852 --- [http-nio-8080-exec-2] org.hibernate.SQL                        : update alunno set merenda_id=?, nome=? where id=?
2021-03-18 17:01:14.562 TRACE 16852 --- [http-nio-8080-exec-2] o.h.type.descriptor.sql.BasicBinder      : binding parameter [1] as [BIGINT] - [23]
2021-03-18 17:01:14.563 TRACE 16852 --- [http-nio-8080-exec-2] o.h.type.descriptor.sql.BasicBinder      : binding parameter [2] as [VARCHAR] - [Elisa]
2021-03-18 17:01:14.563 TRACE 16852 --- [http-nio-8080-exec-2] o.h.type.descriptor.sql.BasicBinder      : binding parameter [3] as [BIGINT] - [20]
2021-03-18 17:01:14.569 DEBUG 16852 --- [http-nio-8080-exec-2] org.hibernate.SQL                        : update alunno set merenda_id=?, nome=? where id=?
2021-03-18 17:01:14.569 TRACE 16852 --- [http-nio-8080-exec-2] o.h.type.descriptor.sql.BasicBinder      : binding parameter [1] as [BIGINT] - [24]
2021-03-18 17:01:14.569 TRACE 16852 --- [http-nio-8080-exec-2] o.h.type.descriptor.sql.BasicBinder      : binding parameter [2] as [VARCHAR] - [Gino]
2021-03-18 17:01:14.570 TRACE 16852 --- [http-nio-8080-exec-2] o.h.type.descriptor.sql.BasicBinder      : binding parameter [3] as [BIGINT] - [21]
2021-03-18 17:01:14.587 DEBUG 16852 --- [http-nio-8080-exec-2] org.hibernate.SQL                        : select alunno0_.id as id1_0_0_, alunno0_.merenda_id as merenda_3_0_0_, alunno0_.nome as nome2_0_0_, merenda1_.id as id1_1_1_, merenda1_.descrizione as descrizi2_1_1_ from alunno alunno0_ left outer join merenda merenda1_ on alunno0_.merenda_id=merenda1_.id where alunno0_.id=?
2021-03-18 17:01:14.588 TRACE 16852 --- [http-nio-8080-exec-2] o.h.type.descriptor.sql.BasicBinder      : binding parameter [1] as [BIGINT] - [23]
2021-03-18 17:01:14.599 ERROR 16852 --- [http-nio-8080-exec-2] o.a.c.c.C.[.[.[/].[dispatcherServlet]    : Servlet.service() for servlet [dispatcherServlet] in context with path [] threw exception [Request processing failed; nested exception is javax.persistence.EntityNotFoundException: Unable to find it.iad.relazioni.model.Alunno with id 23] with root cause

javax.persistence.EntityNotFoundException: Unable to find it.iad.relazioni.model.Alunno with id 23
	at org.hibernate.jpa.boot.internal.EntityManagerFactoryBuilderImpl$JpaEntityNotFoundDelegate.handleEntityNotFound(EntityManagerFactoryBuilderImpl.java:163) ~[hibernate-core-5.4.29.Final.jar:5.4.29.Final]
	at org.hibernate.proxy.AbstractLazyInitializer.checkTargetState(AbstractLazyInitializer.java:286) ~[hibernate-core-5.4.29.Final.jar:5.4.29.Final]
	at org.hibernate.proxy.AbstractLazyInitializer.initialize(AbstractLazyInitializer.java:181) ~[hibernate-core-5.4.29.Final.jar:5.4.29.Final]
	at org.hibernate.proxy.AbstractLazyInitializer.getImplementation(AbstractLazyInitializer.java:310) ~[hibernate-core-5.4.29.Final.jar:5.4.29.Final]
	at org.hibernate.proxy.pojo.bytebuddy.ByteBuddyInterceptor.intercept(ByteBuddyInterceptor.java:45) ~[hibernate-core-5.4.29.Final.jar:5.4.29.Final]
	at org.hibernate.proxy.ProxyConfiguration$InterceptorDispatcher.intercept(ProxyConfiguration.java:95) ~[hibernate-core-5.4.29.Final.jar:5.4.29.Final]
	at it.iad.relazioni.model.Alunno$HibernateProxy$JG7NCMgh.getMerenda(Unknown Source) ~[classes/:na]
	at it.iad.relazioni.service.impl.RelazioniServiceImpl.genera(RelazioniServiceImpl.java:55) ~[classes/:na]
	at it.iad.relazioni.controller.RelazioniController.genera(RelazioniController.java:18) ~[classes/:na]
	at java.base/jdk.internal.reflect.NativeMethodAccessorImpl.invoke0(Native Method) ~[na:na]
	at java.base/jdk.internal.reflect.NativeMethodAccessorImpl.invoke(NativeMethodAccessorImpl.java:62) ~[na:na]
	at java.base/jdk.internal.reflect.DelegatingMethodAccessorImpl.invoke(DelegatingMethodAccessorImpl.java:43) ~[na:na]
	at java.base/java.lang.reflect.Method.invoke(Method.java:564) ~[na:na]
	at org.springframework.web.method.support.InvocableHandlerMethod.doInvoke(InvocableHandlerMethod.java:197) ~[spring-web-5.3.5.jar:5.3.5]
	at org.springframework.web.method.support.InvocableHandlerMethod.invokeForRequest(InvocableHandlerMethod.java:141) ~[spring-web-5.3.5.jar:5.3.5]
	at org.springframework.web.servlet.mvc.method.annotation.ServletInvocableHandlerMethod.invokeAndHandle(ServletInvocableHandlerMethod.java:106) ~[spring-webmvc-5.3.5.jar:5.3.5]
	at org.springframework.web.servlet.mvc.method.annotation.RequestMappingHandlerAdapter.invokeHandlerMethod(RequestMappingHandlerAdapter.java:894) ~[spring-webmvc-5.3.5.jar:5.3.5]
	at org.springframework.web.servlet.mvc.method.annotation.RequestMappingHandlerAdapter.handleInternal(RequestMappingHandlerAdapter.java:808) ~[spring-webmvc-5.3.5.jar:5.3.5]
	at org.springframework.web.servlet.mvc.method.AbstractHandlerMethodAdapter.handle(AbstractHandlerMethodAdapter.java:87) ~[spring-webmvc-5.3.5.jar:5.3.5]
	at org.springframework.web.servlet.DispatcherServlet.doDispatch(DispatcherServlet.java:1060) ~[spring-webmvc-5.3.5.jar:5.3.5]
	at org.springframework.web.servlet.DispatcherServlet.doService(DispatcherServlet.java:962) ~[spring-webmvc-5.3.5.jar:5.3.5]
	at org.springframework.web.servlet.FrameworkServlet.processRequest(FrameworkServlet.java:1006) ~[spring-webmvc-5.3.5.jar:5.3.5]
	at org.springframework.web.servlet.FrameworkServlet.doGet(FrameworkServlet.java:898) ~[spring-webmvc-5.3.5.jar:5.3.5]
	at javax.servlet.http.HttpServlet.service(HttpServlet.java:626) ~[tomcat-embed-core-9.0.44.jar:4.0.FR]
	at org.springframework.web.servlet.FrameworkServlet.service(FrameworkServlet.java:883) ~[spring-webmvc-5.3.5.jar:5.3.5]
	at javax.servlet.http.HttpServlet.service(HttpServlet.java:733) ~[tomcat-embed-core-9.0.44.jar:4.0.FR]
	at org.apache.catalina.core.ApplicationFilterChain.internalDoFilter(ApplicationFilterChain.java:227) ~[tomcat-embed-core-9.0.44.jar:9.0.44]
	at org.apache.catalina.core.ApplicationFilterChain.doFilter(ApplicationFilterChain.java:162) ~[tomcat-embed-core-9.0.44.jar:9.0.44]
	at org.apache.tomcat.websocket.server.WsFilter.doFilter(WsFilter.java:53) ~[tomcat-embed-websocket-9.0.44.jar:9.0.44]
	at org.apache.catalina.core.ApplicationFilterChain.internalDoFilter(ApplicationFilterChain.java:189) ~[tomcat-embed-core-9.0.44.jar:9.0.44]
	at org.apache.catalina.core.ApplicationFilterChain.doFilter(ApplicationFilterChain.java:162) ~[tomcat-embed-core-9.0.44.jar:9.0.44]
	at org.springframework.web.filter.RequestContextFilter.doFilterInternal(RequestContextFilter.java:100) ~[spring-web-5.3.5.jar:5.3.5]
	at org.springframework.web.filter.OncePerRequestFilter.doFilter(OncePerRequestFilter.java:119) ~[spring-web-5.3.5.jar:5.3.5]
	at org.apache.catalina.core.ApplicationFilterChain.internalDoFilter(ApplicationFilterChain.java:189) ~[tomcat-embed-core-9.0.44.jar:9.0.44]
	at org.apache.catalina.core.ApplicationFilterChain.doFilter(ApplicationFilterChain.java:162) ~[tomcat-embed-core-9.0.44.jar:9.0.44]
	at org.springframework.web.filter.FormContentFilter.doFilterInternal(FormContentFilter.java:93) ~[spring-web-5.3.5.jar:5.3.5]
	at org.springframework.web.filter.OncePerRequestFilter.doFilter(OncePerRequestFilter.java:119) ~[spring-web-5.3.5.jar:5.3.5]
	at org.apache.catalina.core.ApplicationFilterChain.internalDoFilter(ApplicationFilterChain.java:189) ~[tomcat-embed-core-9.0.44.jar:9.0.44]
	at org.apache.catalina.core.ApplicationFilterChain.doFilter(ApplicationFilterChain.java:162) ~[tomcat-embed-core-9.0.44.jar:9.0.44]
	at org.springframework.web.filter.CharacterEncodingFilter.doFilterInternal(CharacterEncodingFilter.java:201) ~[spring-web-5.3.5.jar:5.3.5]
	at org.springframework.web.filter.OncePerRequestFilter.doFilter(OncePerRequestFilter.java:119) ~[spring-web-5.3.5.jar:5.3.5]
	at org.apache.catalina.core.ApplicationFilterChain.internalDoFilter(ApplicationFilterChain.java:189) ~[tomcat-embed-core-9.0.44.jar:9.0.44]
	at org.apache.catalina.core.ApplicationFilterChain.doFilter(ApplicationFilterChain.java:162) ~[tomcat-embed-core-9.0.44.jar:9.0.44]
	at org.apache.catalina.core.StandardWrapperValve.invoke(StandardWrapperValve.java:202) ~[tomcat-embed-core-9.0.44.jar:9.0.44]
	at org.apache.catalina.core.StandardContextValve.invoke(StandardContextValve.java:97) ~[tomcat-embed-core-9.0.44.jar:9.0.44]
	at org.apache.catalina.authenticator.AuthenticatorBase.invoke(AuthenticatorBase.java:542) ~[tomcat-embed-core-9.0.44.jar:9.0.44]
	at org.apache.catalina.core.StandardHostValve.invoke(StandardHostValve.java:143) ~[tomcat-embed-core-9.0.44.jar:9.0.44]
	at org.apache.catalina.valves.ErrorReportValve.invoke(ErrorReportValve.java:92) ~[tomcat-embed-core-9.0.44.jar:9.0.44]
	at org.apache.catalina.core.StandardEngineValve.invoke(StandardEngineValve.java:78) ~[tomcat-embed-core-9.0.44.jar:9.0.44]
	at org.apache.catalina.connector.CoyoteAdapter.service(CoyoteAdapter.java:357) ~[tomcat-embed-core-9.0.44.jar:9.0.44]
	at org.apache.coyote.http11.Http11Processor.service(Http11Processor.java:374) ~[tomcat-embed-core-9.0.44.jar:9.0.44]
	at org.apache.coyote.AbstractProcessorLight.process(AbstractProcessorLight.java:65) ~[tomcat-embed-core-9.0.44.jar:9.0.44]
	at org.apache.coyote.AbstractProtocol$ConnectionHandler.process(AbstractProtocol.java:893) ~[tomcat-embed-core-9.0.44.jar:9.0.44]
	at org.apache.tomcat.util.net.NioEndpoint$SocketProcessor.doRun(NioEndpoint.java:1707) ~[tomcat-embed-core-9.0.44.jar:9.0.44]
	at org.apache.tomcat.util.net.SocketProcessorBase.run(SocketProcessorBase.java:49) ~[tomcat-embed-core-9.0.44.jar:9.0.44]
	at java.base/java.util.concurrent.ThreadPoolExecutor.runWorker(ThreadPoolExecutor.java:1130) ~[na:na]
	at java.base/java.util.concurrent.ThreadPoolExecutor$Worker.run(ThreadPoolExecutor.java:630) ~[na:na]
	at org.apache.tomcat.util.threads.TaskThread$WrappingRunnable.run(TaskThread.java:61) ~[tomcat-embed-core-9.0.44.jar:9.0.44]
	at java.base/java.lang.Thread.run(Thread.java:832) ~[na:na]

2021-03-18 17:02:03.221  WARN 9740 --- [main] JpaBaseConfiguration$JpaWebConfiguration : spring.jpa.open-in-view is enabled by default. Therefore, database queries may be performed during view rendering. Explicitly configure spring.jpa.open-in-view to disable this warning
2021-03-18 17:02:07.746 DEBUG 9740 --- [http-nio-8080-exec-2] org.hibernate.SQL                        : delete from alunno
2021-03-18 17:02:07.758 DEBUG 9740 --- [http-nio-8080-exec-2] org.hibernate.SQL                        : delete from merenda
2021-03-18 17:02:07.775 DEBUG 9740 --- [http-nio-8080-exec-2] org.hibernate.SQL                        : select next_val as id_val from hibernate_sequence for update
2021-03-18 17:02:07.777 DEBUG 9740 --- [http-nio-8080-exec-2] org.hibernate.SQL                        : update hibernate_sequence set next_val= ? where next_val=?
2021-03-18 17:02:07.799 DEBUG 9740 --- [http-nio-8080-exec-2] org.hibernate.SQL                        : insert into alunno (merenda_id, nome, id) values (?, ?, ?)
2021-03-18 17:02:07.802 TRACE 9740 --- [http-nio-8080-exec-2] o.h.type.descriptor.sql.BasicBinder      : binding parameter [1] as [BIGINT] - [null]
2021-03-18 17:02:07.802 TRACE 9740 --- [http-nio-8080-exec-2] o.h.type.descriptor.sql.BasicBinder      : binding parameter [2] as [VARCHAR] - [Mario]
2021-03-18 17:02:07.803 TRACE 9740 --- [http-nio-8080-exec-2] o.h.type.descriptor.sql.BasicBinder      : binding parameter [3] as [BIGINT] - [25]
2021-03-18 17:02:07.808 DEBUG 9740 --- [http-nio-8080-exec-2] org.hibernate.SQL                        : select next_val as id_val from hibernate_sequence for update
2021-03-18 17:02:07.809 DEBUG 9740 --- [http-nio-8080-exec-2] org.hibernate.SQL                        : update hibernate_sequence set next_val= ? where next_val=?
2021-03-18 17:02:07.813 DEBUG 9740 --- [http-nio-8080-exec-2] org.hibernate.SQL                        : insert into alunno (merenda_id, nome, id) values (?, ?, ?)
2021-03-18 17:02:07.813 TRACE 9740 --- [http-nio-8080-exec-2] o.h.type.descriptor.sql.BasicBinder      : binding parameter [1] as [BIGINT] - [null]
2021-03-18 17:02:07.813 TRACE 9740 --- [http-nio-8080-exec-2] o.h.type.descriptor.sql.BasicBinder      : binding parameter [2] as [VARCHAR] - [Elisa]
2021-03-18 17:02:07.813 TRACE 9740 --- [http-nio-8080-exec-2] o.h.type.descriptor.sql.BasicBinder      : binding parameter [3] as [BIGINT] - [26]
2021-03-18 17:02:07.817 DEBUG 9740 --- [http-nio-8080-exec-2] org.hibernate.SQL                        : select next_val as id_val from hibernate_sequence for update
2021-03-18 17:02:07.819 DEBUG 9740 --- [http-nio-8080-exec-2] org.hibernate.SQL                        : update hibernate_sequence set next_val= ? where next_val=?
2021-03-18 17:02:07.822 DEBUG 9740 --- [http-nio-8080-exec-2] org.hibernate.SQL                        : insert into alunno (merenda_id, nome, id) values (?, ?, ?)
2021-03-18 17:02:07.823 TRACE 9740 --- [http-nio-8080-exec-2] o.h.type.descriptor.sql.BasicBinder      : binding parameter [1] as [BIGINT] - [null]
2021-03-18 17:02:07.823 TRACE 9740 --- [http-nio-8080-exec-2] o.h.type.descriptor.sql.BasicBinder      : binding parameter [2] as [VARCHAR] - [Gino]
2021-03-18 17:02:07.823 TRACE 9740 --- [http-nio-8080-exec-2] o.h.type.descriptor.sql.BasicBinder      : binding parameter [3] as [BIGINT] - [27]
2021-03-18 17:02:07.830 DEBUG 9740 --- [http-nio-8080-exec-2] org.hibernate.SQL                        : select next_val as id_val from hibernate_sequence for update
2021-03-18 17:02:07.830 DEBUG 9740 --- [http-nio-8080-exec-2] org.hibernate.SQL                        : update hibernate_sequence set next_val= ? where next_val=?
2021-03-18 17:02:07.833 DEBUG 9740 --- [http-nio-8080-exec-2] org.hibernate.SQL                        : insert into merenda (descrizione, id) values (?, ?)
2021-03-18 17:02:07.834 TRACE 9740 --- [http-nio-8080-exec-2] o.h.type.descriptor.sql.BasicBinder      : binding parameter [1] as [VARCHAR] - [Pizza]
2021-03-18 17:02:07.834 TRACE 9740 --- [http-nio-8080-exec-2] o.h.type.descriptor.sql.BasicBinder      : binding parameter [2] as [BIGINT] - [28]
2021-03-18 17:02:07.839 DEBUG 9740 --- [http-nio-8080-exec-2] org.hibernate.SQL                        : select next_val as id_val from hibernate_sequence for update
2021-03-18 17:02:07.840 DEBUG 9740 --- [http-nio-8080-exec-2] org.hibernate.SQL                        : update hibernate_sequence set next_val= ? where next_val=?
2021-03-18 17:02:07.844 DEBUG 9740 --- [http-nio-8080-exec-2] org.hibernate.SQL                        : insert into merenda (descrizione, id) values (?, ?)
2021-03-18 17:02:07.844 TRACE 9740 --- [http-nio-8080-exec-2] o.h.type.descriptor.sql.BasicBinder      : binding parameter [1] as [VARCHAR] - [Hamburger]
2021-03-18 17:02:07.845 TRACE 9740 --- [http-nio-8080-exec-2] o.h.type.descriptor.sql.BasicBinder      : binding parameter [2] as [BIGINT] - [29]
2021-03-18 17:02:07.850 DEBUG 9740 --- [http-nio-8080-exec-2] org.hibernate.SQL                        : select next_val as id_val from hibernate_sequence for update
2021-03-18 17:02:07.851 DEBUG 9740 --- [http-nio-8080-exec-2] org.hibernate.SQL                        : update hibernate_sequence set next_val= ? where next_val=?
2021-03-18 17:02:07.855 DEBUG 9740 --- [http-nio-8080-exec-2] org.hibernate.SQL                        : insert into merenda (descrizione, id) values (?, ?)
2021-03-18 17:02:07.856 TRACE 9740 --- [http-nio-8080-exec-2] o.h.type.descriptor.sql.BasicBinder      : binding parameter [1] as [VARCHAR] - [Cozze]
2021-03-18 17:02:07.856 TRACE 9740 --- [http-nio-8080-exec-2] o.h.type.descriptor.sql.BasicBinder      : binding parameter [2] as [BIGINT] - [30]
2021-03-18 17:02:07.864 DEBUG 9740 --- [http-nio-8080-exec-2] org.hibernate.SQL                        : update alunno set merenda_id=?, nome=? where id=?
2021-03-18 17:02:07.864 TRACE 9740 --- [http-nio-8080-exec-2] o.h.type.descriptor.sql.BasicBinder      : binding parameter [1] as [BIGINT] - [28]
2021-03-18 17:02:07.865 TRACE 9740 --- [http-nio-8080-exec-2] o.h.type.descriptor.sql.BasicBinder      : binding parameter [2] as [VARCHAR] - [Mario]
2021-03-18 17:02:07.865 TRACE 9740 --- [http-nio-8080-exec-2] o.h.type.descriptor.sql.BasicBinder      : binding parameter [3] as [BIGINT] - [25]
2021-03-18 17:02:07.871 DEBUG 9740 --- [http-nio-8080-exec-2] org.hibernate.SQL                        : update alunno set merenda_id=?, nome=? where id=?
2021-03-18 17:02:07.872 TRACE 9740 --- [http-nio-8080-exec-2] o.h.type.descriptor.sql.BasicBinder      : binding parameter [1] as [BIGINT] - [29]
2021-03-18 17:02:07.872 TRACE 9740 --- [http-nio-8080-exec-2] o.h.type.descriptor.sql.BasicBinder      : binding parameter [2] as [VARCHAR] - [Elisa]
2021-03-18 17:02:07.872 TRACE 9740 --- [http-nio-8080-exec-2] o.h.type.descriptor.sql.BasicBinder      : binding parameter [3] as [BIGINT] - [26]
2021-03-18 17:02:07.877 DEBUG 9740 --- [http-nio-8080-exec-2] org.hibernate.SQL                        : update alunno set merenda_id=?, nome=? where id=?
2021-03-18 17:02:07.877 TRACE 9740 --- [http-nio-8080-exec-2] o.h.type.descriptor.sql.BasicBinder      : binding parameter [1] as [BIGINT] - [30]
2021-03-18 17:02:07.877 TRACE 9740 --- [http-nio-8080-exec-2] o.h.type.descriptor.sql.BasicBinder      : binding parameter [2] as [VARCHAR] - [Gino]
2021-03-18 17:02:07.878 TRACE 9740 --- [http-nio-8080-exec-2] o.h.type.descriptor.sql.BasicBinder      : binding parameter [3] as [BIGINT] - [27]
2021-03-18 17:02:07.890 DEBUG 9740 --- [http-nio-8080-exec-2] org.hibernate.SQL                        : select alunno0_.id as id1_0_0_, alunno0_.merenda_id as merenda_3_0_0_, alunno0_.nome as nome2_0_0_, merenda1_.id as id1_1_1_, merenda1_.descrizione as descrizi2_1_1_ from alunno alunno0_ left outer join merenda merenda1_ on alunno0_.merenda_id=merenda1_.id where alunno0_.id=?
2021-03-18 17:02:07.891 TRACE 9740 --- [http-nio-8080-exec-2] o.h.type.descriptor.sql.BasicBinder      : binding parameter [1] as [BIGINT] - [29]
2021-03-18 17:02:07.901 ERROR 9740 --- [http-nio-8080-exec-2] o.a.c.c.C.[.[.[/].[dispatcherServlet]    : Servlet.service() for servlet [dispatcherServlet] in context with path [] threw exception [Request processing failed; nested exception is java.util.NoSuchElementException: No value present] with root cause

java.util.NoSuchElementException: No value present
	at java.base/java.util.Optional.get(Optional.java:141) ~[na:na]
	at it.iad.relazioni.service.impl.RelazioniServiceImpl.genera(RelazioniServiceImpl.java:54) ~[classes/:na]
	at it.iad.relazioni.controller.RelazioniController.genera(RelazioniController.java:18) ~[classes/:na]
	at java.base/jdk.internal.reflect.NativeMethodAccessorImpl.invoke0(Native Method) ~[na:na]
	at java.base/jdk.internal.reflect.NativeMethodAccessorImpl.invoke(NativeMethodAccessorImpl.java:62) ~[na:na]
	at java.base/jdk.internal.reflect.DelegatingMethodAccessorImpl.invoke(DelegatingMethodAccessorImpl.java:43) ~[na:na]
	at java.base/java.lang.reflect.Method.invoke(Method.java:564) ~[na:na]
	at org.springframework.web.method.support.InvocableHandlerMethod.doInvoke(InvocableHandlerMethod.java:197) ~[spring-web-5.3.5.jar:5.3.5]
	at org.springframework.web.method.support.InvocableHandlerMethod.invokeForRequest(InvocableHandlerMethod.java:141) ~[spring-web-5.3.5.jar:5.3.5]
	at org.springframework.web.servlet.mvc.method.annotation.ServletInvocableHandlerMethod.invokeAndHandle(ServletInvocableHandlerMethod.java:106) ~[spring-webmvc-5.3.5.jar:5.3.5]
	at org.springframework.web.servlet.mvc.method.annotation.RequestMappingHandlerAdapter.invokeHandlerMethod(RequestMappingHandlerAdapter.java:894) ~[spring-webmvc-5.3.5.jar:5.3.5]
	at org.springframework.web.servlet.mvc.method.annotation.RequestMappingHandlerAdapter.handleInternal(RequestMappingHandlerAdapter.java:808) ~[spring-webmvc-5.3.5.jar:5.3.5]
	at org.springframework.web.servlet.mvc.method.AbstractHandlerMethodAdapter.handle(AbstractHandlerMethodAdapter.java:87) ~[spring-webmvc-5.3.5.jar:5.3.5]
	at org.springframework.web.servlet.DispatcherServlet.doDispatch(DispatcherServlet.java:1060) ~[spring-webmvc-5.3.5.jar:5.3.5]
	at org.springframework.web.servlet.DispatcherServlet.doService(DispatcherServlet.java:962) ~[spring-webmvc-5.3.5.jar:5.3.5]
	at org.springframework.web.servlet.FrameworkServlet.processRequest(FrameworkServlet.java:1006) ~[spring-webmvc-5.3.5.jar:5.3.5]
	at org.springframework.web.servlet.FrameworkServlet.doGet(FrameworkServlet.java:898) ~[spring-webmvc-5.3.5.jar:5.3.5]
	at javax.servlet.http.HttpServlet.service(HttpServlet.java:626) ~[tomcat-embed-core-9.0.44.jar:4.0.FR]
	at org.springframework.web.servlet.FrameworkServlet.service(FrameworkServlet.java:883) ~[spring-webmvc-5.3.5.jar:5.3.5]
	at javax.servlet.http.HttpServlet.service(HttpServlet.java:733) ~[tomcat-embed-core-9.0.44.jar:4.0.FR]
	at org.apache.catalina.core.ApplicationFilterChain.internalDoFilter(ApplicationFilterChain.java:227) ~[tomcat-embed-core-9.0.44.jar:9.0.44]
	at org.apache.catalina.core.ApplicationFilterChain.doFilter(ApplicationFilterChain.java:162) ~[tomcat-embed-core-9.0.44.jar:9.0.44]
	at org.apache.tomcat.websocket.server.WsFilter.doFilter(WsFilter.java:53) ~[tomcat-embed-websocket-9.0.44.jar:9.0.44]
	at org.apache.catalina.core.ApplicationFilterChain.internalDoFilter(ApplicationFilterChain.java:189) ~[tomcat-embed-core-9.0.44.jar:9.0.44]
	at org.apache.catalina.core.ApplicationFilterChain.doFilter(ApplicationFilterChain.java:162) ~[tomcat-embed-core-9.0.44.jar:9.0.44]
	at org.springframework.web.filter.RequestContextFilter.doFilterInternal(RequestContextFilter.java:100) ~[spring-web-5.3.5.jar:5.3.5]
	at org.springframework.web.filter.OncePerRequestFilter.doFilter(OncePerRequestFilter.java:119) ~[spring-web-5.3.5.jar:5.3.5]
	at org.apache.catalina.core.ApplicationFilterChain.internalDoFilter(ApplicationFilterChain.java:189) ~[tomcat-embed-core-9.0.44.jar:9.0.44]
	at org.apache.catalina.core.ApplicationFilterChain.doFilter(ApplicationFilterChain.java:162) ~[tomcat-embed-core-9.0.44.jar:9.0.44]
	at org.springframework.web.filter.FormContentFilter.doFilterInternal(FormContentFilter.java:93) ~[spring-web-5.3.5.jar:5.3.5]
	at org.springframework.web.filter.OncePerRequestFilter.doFilter(OncePerRequestFilter.java:119) ~[spring-web-5.3.5.jar:5.3.5]
	at org.apache.catalina.core.ApplicationFilterChain.internalDoFilter(ApplicationFilterChain.java:189) ~[tomcat-embed-core-9.0.44.jar:9.0.44]
	at org.apache.catalina.core.ApplicationFilterChain.doFilter(ApplicationFilterChain.java:162) ~[tomcat-embed-core-9.0.44.jar:9.0.44]
	at org.springframework.web.filter.CharacterEncodingFilter.doFilterInternal(CharacterEncodingFilter.java:201) ~[spring-web-5.3.5.jar:5.3.5]
	at org.springframework.web.filter.OncePerRequestFilter.doFilter(OncePerRequestFilter.java:119) ~[spring-web-5.3.5.jar:5.3.5]
	at org.apache.catalina.core.ApplicationFilterChain.internalDoFilter(ApplicationFilterChain.java:189) ~[tomcat-embed-core-9.0.44.jar:9.0.44]
	at org.apache.catalina.core.ApplicationFilterChain.doFilter(ApplicationFilterChain.java:162) ~[tomcat-embed-core-9.0.44.jar:9.0.44]
	at org.apache.catalina.core.StandardWrapperValve.invoke(StandardWrapperValve.java:202) ~[tomcat-embed-core-9.0.44.jar:9.0.44]
	at org.apache.catalina.core.StandardContextValve.invoke(StandardContextValve.java:97) ~[tomcat-embed-core-9.0.44.jar:9.0.44]
	at org.apache.catalina.authenticator.AuthenticatorBase.invoke(AuthenticatorBase.java:542) ~[tomcat-embed-core-9.0.44.jar:9.0.44]
	at org.apache.catalina.core.StandardHostValve.invoke(StandardHostValve.java:143) ~[tomcat-embed-core-9.0.44.jar:9.0.44]
	at org.apache.catalina.valves.ErrorReportValve.invoke(ErrorReportValve.java:92) ~[tomcat-embed-core-9.0.44.jar:9.0.44]
	at org.apache.catalina.core.StandardEngineValve.invoke(StandardEngineValve.java:78) ~[tomcat-embed-core-9.0.44.jar:9.0.44]
	at org.apache.catalina.connector.CoyoteAdapter.service(CoyoteAdapter.java:357) ~[tomcat-embed-core-9.0.44.jar:9.0.44]
	at org.apache.coyote.http11.Http11Processor.service(Http11Processor.java:374) ~[tomcat-embed-core-9.0.44.jar:9.0.44]
	at org.apache.coyote.AbstractProcessorLight.process(AbstractProcessorLight.java:65) ~[tomcat-embed-core-9.0.44.jar:9.0.44]
	at org.apache.coyote.AbstractProtocol$ConnectionHandler.process(AbstractProtocol.java:893) ~[tomcat-embed-core-9.0.44.jar:9.0.44]
	at org.apache.tomcat.util.net.NioEndpoint$SocketProcessor.doRun(NioEndpoint.java:1707) ~[tomcat-embed-core-9.0.44.jar:9.0.44]
	at org.apache.tomcat.util.net.SocketProcessorBase.run(SocketProcessorBase.java:49) ~[tomcat-embed-core-9.0.44.jar:9.0.44]
	at java.base/java.util.concurrent.ThreadPoolExecutor.runWorker(ThreadPoolExecutor.java:1130) ~[na:na]
	at java.base/java.util.concurrent.ThreadPoolExecutor$Worker.run(ThreadPoolExecutor.java:630) ~[na:na]
	at org.apache.tomcat.util.threads.TaskThread$WrappingRunnable.run(TaskThread.java:61) ~[tomcat-embed-core-9.0.44.jar:9.0.44]
	at java.base/java.lang.Thread.run(Thread.java:832) ~[na:na]

2021-03-18 17:03:14.906  WARN 7416 --- [main] JpaBaseConfiguration$JpaWebConfiguration : spring.jpa.open-in-view is enabled by default. Therefore, database queries may be performed during view rendering. Explicitly configure spring.jpa.open-in-view to disable this warning
2021-03-18 17:03:17.323 DEBUG 7416 --- [http-nio-8080-exec-2] org.hibernate.SQL                        : delete from alunno
2021-03-18 17:03:17.349 DEBUG 7416 --- [http-nio-8080-exec-2] org.hibernate.SQL                        : delete from merenda
2021-03-18 17:03:17.372 DEBUG 7416 --- [http-nio-8080-exec-2] org.hibernate.SQL                        : select next_val as id_val from hibernate_sequence for update
2021-03-18 17:03:17.373 DEBUG 7416 --- [http-nio-8080-exec-2] org.hibernate.SQL                        : update hibernate_sequence set next_val= ? where next_val=?
2021-03-18 17:03:17.393 DEBUG 7416 --- [http-nio-8080-exec-2] org.hibernate.SQL                        : insert into alunno (merenda_id, nome, id) values (?, ?, ?)
2021-03-18 17:03:17.395 TRACE 7416 --- [http-nio-8080-exec-2] o.h.type.descriptor.sql.BasicBinder      : binding parameter [1] as [BIGINT] - [null]
2021-03-18 17:03:17.395 TRACE 7416 --- [http-nio-8080-exec-2] o.h.type.descriptor.sql.BasicBinder      : binding parameter [2] as [VARCHAR] - [Mario]
2021-03-18 17:03:17.396 TRACE 7416 --- [http-nio-8080-exec-2] o.h.type.descriptor.sql.BasicBinder      : binding parameter [3] as [BIGINT] - [31]
2021-03-18 17:03:17.403 DEBUG 7416 --- [http-nio-8080-exec-2] org.hibernate.SQL                        : select next_val as id_val from hibernate_sequence for update
2021-03-18 17:03:17.404 DEBUG 7416 --- [http-nio-8080-exec-2] org.hibernate.SQL                        : update hibernate_sequence set next_val= ? where next_val=?
2021-03-18 17:03:17.407 DEBUG 7416 --- [http-nio-8080-exec-2] org.hibernate.SQL                        : insert into alunno (merenda_id, nome, id) values (?, ?, ?)
2021-03-18 17:03:17.408 TRACE 7416 --- [http-nio-8080-exec-2] o.h.type.descriptor.sql.BasicBinder      : binding parameter [1] as [BIGINT] - [null]
2021-03-18 17:03:17.408 TRACE 7416 --- [http-nio-8080-exec-2] o.h.type.descriptor.sql.BasicBinder      : binding parameter [2] as [VARCHAR] - [Elisa]
2021-03-18 17:03:17.408 TRACE 7416 --- [http-nio-8080-exec-2] o.h.type.descriptor.sql.BasicBinder      : binding parameter [3] as [BIGINT] - [32]
2021-03-18 17:03:17.414 DEBUG 7416 --- [http-nio-8080-exec-2] org.hibernate.SQL                        : select next_val as id_val from hibernate_sequence for update
2021-03-18 17:03:17.416 DEBUG 7416 --- [http-nio-8080-exec-2] org.hibernate.SQL                        : update hibernate_sequence set next_val= ? where next_val=?
2021-03-18 17:03:17.419 DEBUG 7416 --- [http-nio-8080-exec-2] org.hibernate.SQL                        : insert into alunno (merenda_id, nome, id) values (?, ?, ?)
2021-03-18 17:03:17.420 TRACE 7416 --- [http-nio-8080-exec-2] o.h.type.descriptor.sql.BasicBinder      : binding parameter [1] as [BIGINT] - [null]
2021-03-18 17:03:17.420 TRACE 7416 --- [http-nio-8080-exec-2] o.h.type.descriptor.sql.BasicBinder      : binding parameter [2] as [VARCHAR] - [Gino]
2021-03-18 17:03:17.420 TRACE 7416 --- [http-nio-8080-exec-2] o.h.type.descriptor.sql.BasicBinder      : binding parameter [3] as [BIGINT] - [33]
2021-03-18 17:03:17.426 DEBUG 7416 --- [http-nio-8080-exec-2] org.hibernate.SQL                        : select next_val as id_val from hibernate_sequence for update
2021-03-18 17:03:17.427 DEBUG 7416 --- [http-nio-8080-exec-2] org.hibernate.SQL                        : update hibernate_sequence set next_val= ? where next_val=?
2021-03-18 17:03:17.430 DEBUG 7416 --- [http-nio-8080-exec-2] org.hibernate.SQL                        : insert into merenda (descrizione, id) values (?, ?)
2021-03-18 17:03:17.431 TRACE 7416 --- [http-nio-8080-exec-2] o.h.type.descriptor.sql.BasicBinder      : binding parameter [1] as [VARCHAR] - [Pizza]
2021-03-18 17:03:17.431 TRACE 7416 --- [http-nio-8080-exec-2] o.h.type.descriptor.sql.BasicBinder      : binding parameter [2] as [BIGINT] - [34]
2021-03-18 17:03:17.435 DEBUG 7416 --- [http-nio-8080-exec-2] org.hibernate.SQL                        : select next_val as id_val from hibernate_sequence for update
2021-03-18 17:03:17.436 DEBUG 7416 --- [http-nio-8080-exec-2] org.hibernate.SQL                        : update hibernate_sequence set next_val= ? where next_val=?
2021-03-18 17:03:17.439 DEBUG 7416 --- [http-nio-8080-exec-2] org.hibernate.SQL                        : insert into merenda (descrizione, id) values (?, ?)
2021-03-18 17:03:17.439 TRACE 7416 --- [http-nio-8080-exec-2] o.h.type.descriptor.sql.BasicBinder      : binding parameter [1] as [VARCHAR] - [Hamburger]
2021-03-18 17:03:17.439 TRACE 7416 --- [http-nio-8080-exec-2] o.h.type.descriptor.sql.BasicBinder      : binding parameter [2] as [BIGINT] - [35]
2021-03-18 17:03:17.443 DEBUG 7416 --- [http-nio-8080-exec-2] org.hibernate.SQL                        : select next_val as id_val from hibernate_sequence for update
2021-03-18 17:03:17.444 DEBUG 7416 --- [http-nio-8080-exec-2] org.hibernate.SQL                        : update hibernate_sequence set next_val= ? where next_val=?
2021-03-18 17:03:17.448 DEBUG 7416 --- [http-nio-8080-exec-2] org.hibernate.SQL                        : insert into merenda (descrizione, id) values (?, ?)
2021-03-18 17:03:17.448 TRACE 7416 --- [http-nio-8080-exec-2] o.h.type.descriptor.sql.BasicBinder      : binding parameter [1] as [VARCHAR] - [Cozze]
2021-03-18 17:03:17.449 TRACE 7416 --- [http-nio-8080-exec-2] o.h.type.descriptor.sql.BasicBinder      : binding parameter [2] as [BIGINT] - [36]
2021-03-18 17:03:17.455 DEBUG 7416 --- [http-nio-8080-exec-2] org.hibernate.SQL                        : update alunno set merenda_id=?, nome=? where id=?
2021-03-18 17:03:17.455 TRACE 7416 --- [http-nio-8080-exec-2] o.h.type.descriptor.sql.BasicBinder      : binding parameter [1] as [BIGINT] - [34]
2021-03-18 17:03:17.455 TRACE 7416 --- [http-nio-8080-exec-2] o.h.type.descriptor.sql.BasicBinder      : binding parameter [2] as [VARCHAR] - [Mario]
2021-03-18 17:03:17.456 TRACE 7416 --- [http-nio-8080-exec-2] o.h.type.descriptor.sql.BasicBinder      : binding parameter [3] as [BIGINT] - [31]
2021-03-18 17:03:17.461 DEBUG 7416 --- [http-nio-8080-exec-2] org.hibernate.SQL                        : update alunno set merenda_id=?, nome=? where id=?
2021-03-18 17:03:17.461 TRACE 7416 --- [http-nio-8080-exec-2] o.h.type.descriptor.sql.BasicBinder      : binding parameter [1] as [BIGINT] - [35]
2021-03-18 17:03:17.462 TRACE 7416 --- [http-nio-8080-exec-2] o.h.type.descriptor.sql.BasicBinder      : binding parameter [2] as [VARCHAR] - [Elisa]
2021-03-18 17:03:17.462 TRACE 7416 --- [http-nio-8080-exec-2] o.h.type.descriptor.sql.BasicBinder      : binding parameter [3] as [BIGINT] - [32]
2021-03-18 17:03:17.467 DEBUG 7416 --- [http-nio-8080-exec-2] org.hibernate.SQL                        : update alunno set merenda_id=?, nome=? where id=?
2021-03-18 17:03:17.468 TRACE 7416 --- [http-nio-8080-exec-2] o.h.type.descriptor.sql.BasicBinder      : binding parameter [1] as [BIGINT] - [36]
2021-03-18 17:03:17.468 TRACE 7416 --- [http-nio-8080-exec-2] o.h.type.descriptor.sql.BasicBinder      : binding parameter [2] as [VARCHAR] - [Gino]
2021-03-18 17:03:17.468 TRACE 7416 --- [http-nio-8080-exec-2] o.h.type.descriptor.sql.BasicBinder      : binding parameter [3] as [BIGINT] - [33]
2021-03-18 17:05:26.103  WARN 11620 --- [main] JpaBaseConfiguration$JpaWebConfiguration : spring.jpa.open-in-view is enabled by default. Therefore, database queries may be performed during view rendering. Explicitly configure spring.jpa.open-in-view to disable this warning
2021-03-18 17:05:29.852 DEBUG 11620 --- [http-nio-8080-exec-2] org.hibernate.SQL                        : delete from alunno
2021-03-18 17:05:29.868 DEBUG 11620 --- [http-nio-8080-exec-2] org.hibernate.SQL                        : delete from merenda
2021-03-18 17:05:29.888 DEBUG 11620 --- [http-nio-8080-exec-2] org.hibernate.SQL                        : select next_val as id_val from hibernate_sequence for update
2021-03-18 17:05:29.890 DEBUG 11620 --- [http-nio-8080-exec-2] org.hibernate.SQL                        : update hibernate_sequence set next_val= ? where next_val=?
2021-03-18 17:05:29.915 DEBUG 11620 --- [http-nio-8080-exec-2] org.hibernate.SQL                        : insert into alunno (merenda_id, nome, id) values (?, ?, ?)
2021-03-18 17:05:29.917 TRACE 11620 --- [http-nio-8080-exec-2] o.h.type.descriptor.sql.BasicBinder      : binding parameter [1] as [BIGINT] - [null]
2021-03-18 17:05:29.918 TRACE 11620 --- [http-nio-8080-exec-2] o.h.type.descriptor.sql.BasicBinder      : binding parameter [2] as [VARCHAR] - [Mario]
2021-03-18 17:05:29.919 TRACE 11620 --- [http-nio-8080-exec-2] o.h.type.descriptor.sql.BasicBinder      : binding parameter [3] as [BIGINT] - [37]
2021-03-18 17:05:29.926 DEBUG 11620 --- [http-nio-8080-exec-2] org.hibernate.SQL                        : select next_val as id_val from hibernate_sequence for update
2021-03-18 17:05:29.927 DEBUG 11620 --- [http-nio-8080-exec-2] org.hibernate.SQL                        : update hibernate_sequence set next_val= ? where next_val=?
2021-03-18 17:05:29.932 DEBUG 11620 --- [http-nio-8080-exec-2] org.hibernate.SQL                        : insert into alunno (merenda_id, nome, id) values (?, ?, ?)
2021-03-18 17:05:29.933 TRACE 11620 --- [http-nio-8080-exec-2] o.h.type.descriptor.sql.BasicBinder      : binding parameter [1] as [BIGINT] - [null]
2021-03-18 17:05:29.933 TRACE 11620 --- [http-nio-8080-exec-2] o.h.type.descriptor.sql.BasicBinder      : binding parameter [2] as [VARCHAR] - [Elisa]
2021-03-18 17:05:29.933 TRACE 11620 --- [http-nio-8080-exec-2] o.h.type.descriptor.sql.BasicBinder      : binding parameter [3] as [BIGINT] - [38]
2021-03-18 17:05:29.937 DEBUG 11620 --- [http-nio-8080-exec-2] org.hibernate.SQL                        : select next_val as id_val from hibernate_sequence for update
2021-03-18 17:05:29.938 DEBUG 11620 --- [http-nio-8080-exec-2] org.hibernate.SQL                        : update hibernate_sequence set next_val= ? where next_val=?
2021-03-18 17:05:29.943 DEBUG 11620 --- [http-nio-8080-exec-2] org.hibernate.SQL                        : insert into alunno (merenda_id, nome, id) values (?, ?, ?)
2021-03-18 17:05:29.944 TRACE 11620 --- [http-nio-8080-exec-2] o.h.type.descriptor.sql.BasicBinder      : binding parameter [1] as [BIGINT] - [null]
2021-03-18 17:05:29.944 TRACE 11620 --- [http-nio-8080-exec-2] o.h.type.descriptor.sql.BasicBinder      : binding parameter [2] as [VARCHAR] - [Gino]
2021-03-18 17:05:29.944 TRACE 11620 --- [http-nio-8080-exec-2] o.h.type.descriptor.sql.BasicBinder      : binding parameter [3] as [BIGINT] - [39]
2021-03-18 17:05:29.951 DEBUG 11620 --- [http-nio-8080-exec-2] org.hibernate.SQL                        : select next_val as id_val from hibernate_sequence for update
2021-03-18 17:05:29.952 DEBUG 11620 --- [http-nio-8080-exec-2] org.hibernate.SQL                        : update hibernate_sequence set next_val= ? where next_val=?
2021-03-18 17:05:29.956 DEBUG 11620 --- [http-nio-8080-exec-2] org.hibernate.SQL                        : insert into merenda (descrizione, id) values (?, ?)
2021-03-18 17:05:29.956 TRACE 11620 --- [http-nio-8080-exec-2] o.h.type.descriptor.sql.BasicBinder      : binding parameter [1] as [VARCHAR] - [Pizza]
2021-03-18 17:05:29.956 TRACE 11620 --- [http-nio-8080-exec-2] o.h.type.descriptor.sql.BasicBinder      : binding parameter [2] as [BIGINT] - [40]
2021-03-18 17:05:29.960 DEBUG 11620 --- [http-nio-8080-exec-2] org.hibernate.SQL                        : select next_val as id_val from hibernate_sequence for update
2021-03-18 17:05:29.961 DEBUG 11620 --- [http-nio-8080-exec-2] org.hibernate.SQL                        : update hibernate_sequence set next_val= ? where next_val=?
2021-03-18 17:05:29.965 DEBUG 11620 --- [http-nio-8080-exec-2] org.hibernate.SQL                        : insert into merenda (descrizione, id) values (?, ?)
2021-03-18 17:05:29.965 TRACE 11620 --- [http-nio-8080-exec-2] o.h.type.descriptor.sql.BasicBinder      : binding parameter [1] as [VARCHAR] - [Hamburger]
2021-03-18 17:05:29.966 TRACE 11620 --- [http-nio-8080-exec-2] o.h.type.descriptor.sql.BasicBinder      : binding parameter [2] as [BIGINT] - [41]
2021-03-18 17:05:29.969 DEBUG 11620 --- [http-nio-8080-exec-2] org.hibernate.SQL                        : select next_val as id_val from hibernate_sequence for update
2021-03-18 17:05:29.971 DEBUG 11620 --- [http-nio-8080-exec-2] org.hibernate.SQL                        : update hibernate_sequence set next_val= ? where next_val=?
2021-03-18 17:05:29.975 DEBUG 11620 --- [http-nio-8080-exec-2] org.hibernate.SQL                        : insert into merenda (descrizione, id) values (?, ?)
2021-03-18 17:05:29.975 TRACE 11620 --- [http-nio-8080-exec-2] o.h.type.descriptor.sql.BasicBinder      : binding parameter [1] as [VARCHAR] - [Cozze]
2021-03-18 17:05:29.976 TRACE 11620 --- [http-nio-8080-exec-2] o.h.type.descriptor.sql.BasicBinder      : binding parameter [2] as [BIGINT] - [42]
2021-03-18 17:05:29.983 DEBUG 11620 --- [http-nio-8080-exec-2] org.hibernate.SQL                        : update alunno set merenda_id=?, nome=? where id=?
2021-03-18 17:05:29.983 TRACE 11620 --- [http-nio-8080-exec-2] o.h.type.descriptor.sql.BasicBinder      : binding parameter [1] as [BIGINT] - [40]
2021-03-18 17:05:29.983 TRACE 11620 --- [http-nio-8080-exec-2] o.h.type.descriptor.sql.BasicBinder      : binding parameter [2] as [VARCHAR] - [Mario]
2021-03-18 17:05:29.983 TRACE 11620 --- [http-nio-8080-exec-2] o.h.type.descriptor.sql.BasicBinder      : binding parameter [3] as [BIGINT] - [37]
2021-03-18 17:05:29.989 DEBUG 11620 --- [http-nio-8080-exec-2] org.hibernate.SQL                        : update alunno set merenda_id=?, nome=? where id=?
2021-03-18 17:05:29.989 TRACE 11620 --- [http-nio-8080-exec-2] o.h.type.descriptor.sql.BasicBinder      : binding parameter [1] as [BIGINT] - [41]
2021-03-18 17:05:29.989 TRACE 11620 --- [http-nio-8080-exec-2] o.h.type.descriptor.sql.BasicBinder      : binding parameter [2] as [VARCHAR] - [Elisa]
2021-03-18 17:05:29.990 TRACE 11620 --- [http-nio-8080-exec-2] o.h.type.descriptor.sql.BasicBinder      : binding parameter [3] as [BIGINT] - [38]
2021-03-18 17:05:29.996 DEBUG 11620 --- [http-nio-8080-exec-2] org.hibernate.SQL                        : update alunno set merenda_id=?, nome=? where id=?
2021-03-18 17:05:29.997 TRACE 11620 --- [http-nio-8080-exec-2] o.h.type.descriptor.sql.BasicBinder      : binding parameter [1] as [BIGINT] - [42]
2021-03-18 17:05:29.997 TRACE 11620 --- [http-nio-8080-exec-2] o.h.type.descriptor.sql.BasicBinder      : binding parameter [2] as [VARCHAR] - [Gino]
2021-03-18 17:05:29.997 TRACE 11620 --- [http-nio-8080-exec-2] o.h.type.descriptor.sql.BasicBinder      : binding parameter [3] as [BIGINT] - [39]
